<?xml version="1.0" encoding="UTF-8"?>
<testng-results ignored="0" total="5" passed="4" failed="1" skipped="0">
  <reporter-output>
  </reporter-output>
  <suite started-at="2023-11-09T18:51:02 IST" name="Suite" finished-at="2023-11-09T18:51:28 IST" duration-ms="26406">
    <groups>
      <group name="ErrorHandling">
        <method signature="ErrorValidations.LoginErrorValidation()[pri:0, instance:TestCasesFolder.ErrorValidations@72bc6553]" name="LoginErrorValidation" class="TestCasesFolder.ErrorValidations"/>
        <method signature="ErrorValidations.ProductErrorValidation()[pri:0, instance:TestCasesFolder.ErrorValidations@72bc6553]" name="ProductErrorValidation" class="TestCasesFolder.ErrorValidations"/>
      </group> <!-- ErrorHandling -->
    </groups>
    <test started-at="2023-11-09T18:51:02 IST" name="Error Validation Test" finished-at="2023-11-09T18:51:16 IST" duration-ms="14339">
      <class name="TestCasesFolder.ErrorValidations">
        <test-method is-config="true" signature="launchApplication()[pri:0, instance:TestCasesFolder.ErrorValidations@72bc6553]" started-at="2023-11-09T18:51:02 IST" name="launchApplication" finished-at="2023-11-09T18:51:04 IST" duration-ms="2559" status="PASS">
          <reporter-output>
          </reporter-output>
        </test-method> <!-- launchApplication -->
        <test-method signature="LoginErrorValidation()[pri:0, instance:TestCasesFolder.ErrorValidations@72bc6553]" started-at="2023-11-09T18:51:04 IST" name="LoginErrorValidation" finished-at="2023-11-09T18:51:05 IST" duration-ms="784" status="FAIL">
          <exception class="java.lang.AssertionError">
            <message>
              <![CDATA[expected [Incorrect emmail or password.] but found [Incorrect email or password.]]]>
            </message>
            <full-stacktrace>
              <![CDATA[java.lang.AssertionError: expected [Incorrect emmail or password.] but found [Incorrect email or password.]
at org.testng.Assert.fail(Assert.java:110)
at org.testng.Assert.failNotEquals(Assert.java:1577)
at org.testng.Assert.assertEqualsImpl(Assert.java:149)
at org.testng.Assert.assertEquals(Assert.java:131)
at org.testng.Assert.assertEquals(Assert.java:655)
at org.testng.Assert.assertEquals(Assert.java:665)
at TestCasesFolder.ErrorValidations.LoginErrorValidation(ErrorValidations.java:22)
at java.base/jdk.internal.reflect.NativeMethodAccessorImpl.invoke0(Native Method)
at java.base/jdk.internal.reflect.NativeMethodAccessorImpl.invoke(NativeMethodAccessorImpl.java:77)
at java.base/jdk.internal.reflect.DelegatingMethodAccessorImpl.invoke(DelegatingMethodAccessorImpl.java:43)
at java.base/java.lang.reflect.Method.invoke(Method.java:568)
at org.testng.internal.invokers.MethodInvocationHelper.invokeMethod(MethodInvocationHelper.java:139)
at org.testng.internal.invokers.TestInvoker.invokeMethod(TestInvoker.java:677)
at org.testng.internal.invokers.TestInvoker.invokeTestMethod(TestInvoker.java:221)
at org.testng.internal.invokers.MethodRunner.runInSequence(MethodRunner.java:50)
at org.testng.internal.invokers.TestInvoker$MethodInvocationAgent.invoke(TestInvoker.java:969)
at org.testng.internal.invokers.TestInvoker.invokeTestMethods(TestInvoker.java:194)
at org.testng.internal.invokers.TestMethodWorker.invokeTestMethods(TestMethodWorker.java:148)
at org.testng.internal.invokers.TestMethodWorker.run(TestMethodWorker.java:128)
at java.base/java.util.ArrayList.forEach(ArrayList.java:1511)
at org.testng.TestRunner.privateRun(TestRunner.java:829)
at org.testng.TestRunner.run(TestRunner.java:602)
at org.testng.SuiteRunner.runTest(SuiteRunner.java:437)
at org.testng.SuiteRunner$SuiteWorker.run(SuiteRunner.java:475)
at org.testng.internal.thread.ThreadUtil.lambda$execute$0(ThreadUtil.java:58)
at java.base/java.util.concurrent.FutureTask.run(FutureTask.java:264)
at java.base/java.util.concurrent.ThreadPoolExecutor.runWorker(ThreadPoolExecutor.java:1136)
at java.base/java.util.concurrent.ThreadPoolExecutor$Worker.run(ThreadPoolExecutor.java:635)
at java.base/java.lang.Thread.run(Thread.java:833)
]]>
            </full-stacktrace>
          </exception> <!-- java.lang.AssertionError -->
          <reporter-output>
          </reporter-output>
        </test-method> <!-- LoginErrorValidation -->
        <test-method is-config="true" signature="tearDown()[pri:0, instance:TestCasesFolder.ErrorValidations@72bc6553]" started-at="2023-11-09T18:51:05 IST" name="tearDown" finished-at="2023-11-09T18:51:06 IST" duration-ms="80" status="PASS">
          <reporter-output>
          </reporter-output>
        </test-method> <!-- tearDown -->
        <test-method is-config="true" signature="launchApplication()[pri:0, instance:TestCasesFolder.ErrorValidations@72bc6553]" started-at="2023-11-09T18:51:06 IST" name="launchApplication" finished-at="2023-11-09T18:51:07 IST" duration-ms="1744" status="PASS">
          <reporter-output>
          </reporter-output>
        </test-method> <!-- launchApplication -->
        <test-method signature="ProductErrorValidation()[pri:0, instance:TestCasesFolder.ErrorValidations@72bc6553]" started-at="2023-11-09T18:51:07 IST" name="ProductErrorValidation" finished-at="2023-11-09T18:51:16 IST" duration-ms="8771" status="PASS">
          <reporter-output>
          </reporter-output>
        </test-method> <!-- ProductErrorValidation -->
        <test-method is-config="true" signature="tearDown()[pri:0, instance:TestCasesFolder.ErrorValidations@72bc6553]" started-at="2023-11-09T18:51:16 IST" name="tearDown" finished-at="2023-11-09T18:51:16 IST" duration-ms="85" status="PASS">
          <reporter-output>
          </reporter-output>
        </test-method> <!-- tearDown -->
      </class> <!-- TestCasesFolder.ErrorValidations -->
    </test> <!-- Error Validation Test -->
    <test started-at="2023-11-09T18:51:02 IST" name="Submit Order Test" finished-at="2023-11-09T18:51:28 IST" duration-ms="26406">
      <class name="TestCasesFolder.E_Commerce">
        <test-method is-config="true" signature="launchApplication()[pri:0, instance:TestCasesFolder.E_Commerce@33065d67]" started-at="2023-11-09T18:51:02 IST" name="launchApplication" finished-at="2023-11-09T18:51:04 IST" duration-ms="2455" status="PASS">
          <reporter-output>
          </reporter-output>
        </test-method> <!-- launchApplication -->
        <test-method signature="submitOrder(java.util.HashMap)[pri:0, instance:TestCasesFolder.E_Commerce@33065d67]" started-at="2023-11-09T18:51:04 IST" name="submitOrder" data-provider="getdata" finished-at="2023-11-09T18:51:14 IST" duration-ms="9362" status="PASS">
          <params>
            <param index="0">
              <value>
                <![CDATA[{password=Anubhav@11, product_2=ADIDAS ORIGINAL, email=anubhavgupta@gmail.com, product_1=ZARA COAT 3}]]>
              </value>
            </param>
          </params>
          <reporter-output>
          </reporter-output>
        </test-method> <!-- submitOrder -->
        <test-method is-config="true" signature="tearDown()[pri:0, instance:TestCasesFolder.E_Commerce@33065d67]" started-at="2023-11-09T18:51:14 IST" name="tearDown" finished-at="2023-11-09T18:51:14 IST" duration-ms="87" status="PASS">
          <reporter-output>
          </reporter-output>
        </test-method> <!-- tearDown -->
        <test-method is-config="true" signature="launchApplication()[pri:0, instance:TestCasesFolder.E_Commerce@33065d67]" started-at="2023-11-09T18:51:14 IST" name="launchApplication" finished-at="2023-11-09T18:51:16 IST" duration-ms="2634" status="PASS">
          <reporter-output>
          </reporter-output>
        </test-method> <!-- launchApplication -->
        <test-method signature="submitOrder(java.util.HashMap)[pri:0, instance:TestCasesFolder.E_Commerce@33065d67]" started-at="2023-11-09T18:51:16 IST" name="submitOrder" data-provider="getdata" finished-at="2023-11-09T18:51:26 IST" duration-ms="9374" status="PASS">
          <params>
            <param index="0">
              <value>
                <![CDATA[{password=Anubhav@11, product_2=ADIDAS ORIGINAL, email=anubhavgp11@gmail.com, product_1=ZARA COAT 3}]]>
              </value>
            </param>
          </params>
          <reporter-output>
          </reporter-output>
        </test-method> <!-- submitOrder -->
        <test-method is-config="true" signature="tearDown()[pri:0, instance:TestCasesFolder.E_Commerce@33065d67]" started-at="2023-11-09T18:51:26 IST" name="tearDown" finished-at="2023-11-09T18:51:26 IST" duration-ms="82" status="PASS">
          <reporter-output>
          </reporter-output>
        </test-method> <!-- tearDown -->
        <test-method is-config="true" signature="launchApplication()[pri:0, instance:TestCasesFolder.E_Commerce@33065d67]" started-at="2023-11-09T18:51:26 IST" name="launchApplication" finished-at="2023-11-09T18:51:28 IST" duration-ms="1757" status="PASS">
          <reporter-output>
          </reporter-output>
        </test-method> <!-- launchApplication -->
        <test-method signature="OrderHistory()[pri:0, instance:TestCasesFolder.E_Commerce@33065d67]" started-at="2023-11-09T18:51:28 IST" name="OrderHistory" finished-at="2023-11-09T18:51:28 IST" depends-on-methods="TestCasesFolder.E_Commerce.submitOrder" duration-ms="472" status="PASS">
          <reporter-output>
          </reporter-output>
        </test-method> <!-- OrderHistory -->
        <test-method is-config="true" signature="tearDown()[pri:0, instance:TestCasesFolder.E_Commerce@33065d67]" started-at="2023-11-09T18:51:28 IST" name="tearDown" finished-at="2023-11-09T18:51:28 IST" duration-ms="82" status="PASS">
          <reporter-output>
          </reporter-output>
        </test-method> <!-- tearDown -->
      </class> <!-- TestCasesFolder.E_Commerce -->
    </test> <!-- Submit Order Test -->
  </suite> <!-- Suite -->
</testng-results>
